{"E:\\RSS\\online-store\\src\\components\\registrationForm\\countryList.ts": {"path":"E:\\RSS\\online-store\\src\\components\\registrationForm\\countryList.ts","statementMap":{"0":{"start":{"line":1,"column":0},"end":{"line":1,"column":38}},"1":{"start":{"line":2,"column":0},"end":{"line":2,"column":58}},"2":{"start":{"line":3,"column":0},"end":{"line":3,"column":60}},"3":{"start":{"line":4,"column":0},"end":{"line":4,"column":80}},"4":{"start":{"line":6,"column":22},"end":{"line":6,"column":75}},"5":{"start":{"line":7,"column":16},"end":{"line":7,"column":40}},"6":{"start":{"line":8,"column":2},"end":{"line":22,"column":5}},"7":{"start":{"line":9,"column":21},"end":{"line":9,"column":58}},"8":{"start":{"line":10,"column":16},"end":{"line":10,"column":20}},"9":{"start":{"line":11,"column":4},"end":{"line":16,"column":5}},"10":{"start":{"line":11,"column":17},"end":{"line":11,"column":18}},"11":{"start":{"line":12,"column":6},"end":{"line":15,"column":7}},"12":{"start":{"line":13,"column":8},"end":{"line":13,"column":22}},"13":{"start":{"line":14,"column":8},"end":{"line":14,"column":14}},"14":{"start":{"line":17,"column":4},"end":{"line":21,"column":5}},"15":{"start":{"line":18,"column":7},"end":{"line":18,"column":51}},"16":{"start":{"line":20,"column":7},"end":{"line":20,"column":51}},"17":{"start":{"line":26,"column":2},"end":{"line":26,"column":20}},"18":{"start":{"line":27,"column":20},"end":{"line":27,"column":42}},"19":{"start":{"line":28,"column":16},"end":{"line":28,"column":56}},"20":{"start":{"line":30,"column":4},"end":{"line":30,"column":42}},"21":{"start":{"line":31,"column":2},"end":{"line":31,"column":24}},"22":{"start":{"line":32,"column":2},"end":{"line":32,"column":35}},"23":{"start":{"line":33,"column":2},"end":{"line":33,"column":51}},"24":{"start":{"line":34,"column":2},"end":{"line":34,"column":49}},"25":{"start":{"line":35,"column":2},"end":{"line":50,"column":5}},"26":{"start":{"line":36,"column":26},"end":{"line":39,"column":6}},"27":{"start":{"line":40,"column":4},"end":{"line":40,"column":34}},"28":{"start":{"line":41,"column":4},"end":{"line":41,"column":31}},"29":{"start":{"line":42,"column":4},"end":{"line":49,"column":7}},"30":{"start":{"line":43,"column":6},"end":{"line":43,"column":32}},"31":{"start":{"line":44,"column":6},"end":{"line":44,"column":39}},"32":{"start":{"line":45,"column":6},"end":{"line":45,"column":58}},"33":{"start":{"line":46,"column":6},"end":{"line":46,"column":42}},"34":{"start":{"line":47,"column":6},"end":{"line":47,"column":51}},"35":{"start":{"line":48,"column":6},"end":{"line":48,"column":51}},"36":{"start":{"line":52,"column":2},"end":{"line":52,"column":50}},"37":{"start":{"line":25,"column":0},"end":{"line":25,"column":16}}},"fnMap":{"0":{"name":"searchCountry","decl":{"start":{"line":5,"column":9},"end":{"line":5,"column":22}},"loc":{"start":{"line":5,"column":22},"end":{"line":23,"column":1}}},"1":{"name":"(anonymous_1)","decl":{"start":{"line":8,"column":22},"end":{"line":8,"column":23}},"loc":{"start":{"line":8,"column":31},"end":{"line":22,"column":3}}},"2":{"name":"addCountries","decl":{"start":{"line":25,"column":16},"end":{"line":25,"column":28}},"loc":{"start":{"line":25,"column":28},"end":{"line":53,"column":1}}},"3":{"name":"(anonymous_3)","decl":{"start":{"line":35,"column":20},"end":{"line":35,"column":21}},"loc":{"start":{"line":35,"column":26},"end":{"line":50,"column":3}}},"4":{"name":"(anonymous_4)","decl":{"start":{"line":42,"column":44},"end":{"line":42,"column":45}},"loc":{"start":{"line":42,"column":56},"end":{"line":49,"column":5}}}},"branchMap":{"0":{"loc":{"start":{"line":9,"column":21},"end":{"line":9,"column":58}},"type":"binary-expr","locations":[{"start":{"line":9,"column":21},"end":{"line":9,"column":52}},{"start":{"line":9,"column":56},"end":{"line":9,"column":58}}]},"1":{"loc":{"start":{"line":12,"column":6},"end":{"line":15,"column":7}},"type":"if","locations":[{"start":{"line":12,"column":6},"end":{"line":15,"column":7}}]},"2":{"loc":{"start":{"line":17,"column":4},"end":{"line":21,"column":5}},"type":"if","locations":[{"start":{"line":17,"column":4},"end":{"line":21,"column":5}},{"start":{"line":19,"column":11},"end":{"line":21,"column":5}}]}},"s":{"0":1,"1":1,"2":1,"3":1,"4":0,"5":0,"6":0,"7":0,"8":0,"9":0,"10":0,"11":0,"12":0,"13":0,"14":0,"15":0,"16":0,"17":0,"18":0,"19":0,"20":0,"21":0,"22":0,"23":0,"24":0,"25":0,"26":0,"27":0,"28":0,"29":0,"30":0,"31":0,"32":0,"33":0,"34":0,"35":0,"36":0,"37":1},"f":{"0":0,"1":0,"2":0,"3":0,"4":0},"b":{"0":[0,0],"1":[0],"2":[0,0]}}
,"E:\\RSS\\online-store\\src\\components\\registrationForm\\registrationForm.ts": {"path":"E:\\RSS\\online-store\\src\\components\\registrationForm\\registrationForm.ts","statementMap":{"0":{"start":{"line":1,"column":0},"end":{"line":1,"column":67}},"1":{"start":{"line":2,"column":0},"end":{"line":2,"column":80}},"2":{"start":{"line":3,"column":0},"end":{"line":3,"column":45}},"3":{"start":{"line":4,"column":0},"end":{"line":4,"column":58}},"4":{"start":{"line":5,"column":0},"end":{"line":5,"column":70}},"5":{"start":{"line":6,"column":0},"end":{"line":6,"column":70}},"6":{"start":{"line":8,"column":13},"end":{"line":11,"column":3}},"7":{"start":{"line":12,"column":13},"end":{"line":16,"column":3}},"8":{"start":{"line":17,"column":13},"end":{"line":21,"column":3}},"9":{"start":{"line":22,"column":13},"end":{"line":26,"column":3}},"10":{"start":{"line":27,"column":13},"end":{"line":34,"column":3}},"11":{"start":{"line":35,"column":13},"end":{"line":39,"column":3}},"12":{"start":{"line":40,"column":13},"end":{"line":47,"column":3}},"13":{"start":{"line":48,"column":13},"end":{"line":52,"column":3}},"14":{"start":{"line":53,"column":13},"end":{"line":60,"column":3}},"15":{"start":{"line":61,"column":13},"end":{"line":65,"column":3}},"16":{"start":{"line":66,"column":26},"end":{"line":69,"column":2}},"17":{"start":{"line":70,"column":13},"end":{"line":78,"column":3}},"18":{"start":{"line":79,"column":13},"end":{"line":87,"column":3}},"19":{"start":{"line":88,"column":13},"end":{"line":96,"column":3}},"20":{"start":{"line":97,"column":16},"end":{"line":100,"column":2}},"21":{"start":{"line":101,"column":13},"end":{"line":105,"column":3}},"22":{"start":{"line":106,"column":13},"end":{"line":114,"column":3}},"23":{"start":{"line":115,"column":13},"end":{"line":119,"column":3}},"24":{"start":{"line":120,"column":13},"end":{"line":128,"column":3}},"25":{"start":{"line":129,"column":13},"end":{"line":133,"column":3}},"26":{"start":{"line":134,"column":13},"end":{"line":142,"column":3}},"27":{"start":{"line":143,"column":13},"end":{"line":147,"column":3}},"28":{"start":{"line":148,"column":13},"end":{"line":152,"column":3}},"29":{"start":{"line":153,"column":30},"end":{"line":156,"column":2}},"30":{"start":{"line":157,"column":13},"end":{"line":162,"column":3}},"31":{"start":{"line":163,"column":13},"end":{"line":168,"column":3}},"32":{"start":{"line":171,"column":2},"end":{"line":171,"column":40}},"33":{"start":{"line":172,"column":2},"end":{"line":172,"column":44}},"34":{"start":{"line":173,"column":2},"end":{"line":173,"column":47}},"35":{"start":{"line":174,"column":2},"end":{"line":174,"column":60}},"36":{"start":{"line":175,"column":2},"end":{"line":175,"column":44}},"37":{"start":{"line":176,"column":2},"end":{"line":176,"column":52}},"38":{"start":{"line":177,"column":2},"end":{"line":177,"column":55}},"39":{"start":{"line":178,"column":2},"end":{"line":178,"column":64}},"40":{"start":{"line":179,"column":2},"end":{"line":179,"column":40}},"41":{"start":{"line":180,"column":2},"end":{"line":180,"column":44}},"42":{"start":{"line":181,"column":2},"end":{"line":181,"column":48}},"43":{"start":{"line":182,"column":2},"end":{"line":182,"column":60}},"44":{"start":{"line":183,"column":2},"end":{"line":183,"column":44}},"45":{"start":{"line":184,"column":2},"end":{"line":184,"column":52}},"46":{"start":{"line":185,"column":2},"end":{"line":185,"column":55}},"47":{"start":{"line":186,"column":2},"end":{"line":186,"column":64}},"48":{"start":{"line":187,"column":2},"end":{"line":187,"column":41}},"49":{"start":{"line":188,"column":2},"end":{"line":188,"column":49}},"50":{"start":{"line":189,"column":2},"end":{"line":189,"column":46}},"51":{"start":{"line":190,"column":2},"end":{"line":190,"column":37}},"52":{"start":{"line":191,"column":2},"end":{"line":191,"column":39}},"53":{"start":{"line":192,"column":2},"end":{"line":192,"column":38}},"54":{"start":{"line":193,"column":2},"end":{"line":193,"column":52}},"55":{"start":{"line":194,"column":2},"end":{"line":194,"column":65}},"56":{"start":{"line":195,"column":2},"end":{"line":195,"column":54}},"57":{"start":{"line":196,"column":2},"end":{"line":196,"column":67}},"58":{"start":{"line":197,"column":2},"end":{"line":197,"column":53}},"59":{"start":{"line":198,"column":2},"end":{"line":198,"column":66}},"60":{"start":{"line":200,"column":2},"end":{"line":200,"column":51}},"61":{"start":{"line":201,"column":2},"end":{"line":201,"column":52}},"62":{"start":{"line":202,"column":2},"end":{"line":202,"column":51}},"63":{"start":{"line":203,"column":2},"end":{"line":203,"column":38}},"64":{"start":{"line":204,"column":2},"end":{"line":204,"column":61}},"65":{"start":{"line":206,"column":2},"end":{"line":206,"column":35}},"66":{"start":{"line":207,"column":2},"end":{"line":207,"column":44}},"67":{"start":{"line":208,"column":2},"end":{"line":208,"column":47}},"68":{"start":{"line":209,"column":2},"end":{"line":209,"column":60}},"69":{"start":{"line":210,"column":2},"end":{"line":210,"column":35}},"70":{"start":{"line":211,"column":2},"end":{"line":211,"column":44}},"71":{"start":{"line":212,"column":2},"end":{"line":212,"column":47}},"72":{"start":{"line":213,"column":2},"end":{"line":213,"column":60}},"73":{"start":{"line":214,"column":2},"end":{"line":214,"column":37}},"74":{"start":{"line":215,"column":2},"end":{"line":215,"column":48}},"75":{"start":{"line":216,"column":2},"end":{"line":216,"column":51}},"76":{"start":{"line":217,"column":2},"end":{"line":217,"column":62}},"77":{"start":{"line":219,"column":2},"end":{"line":219,"column":31}},"78":{"start":{"line":220,"column":2},"end":{"line":220,"column":38}},"79":{"start":{"line":221,"column":2},"end":{"line":221,"column":58}},"80":{"start":{"line":222,"column":2},"end":{"line":222,"column":30}},"81":{"start":{"line":170,"column":0},"end":{"line":170,"column":16}}},"fnMap":{"0":{"name":"createForm","decl":{"start":{"line":170,"column":16},"end":{"line":170,"column":26}},"loc":{"start":{"line":170,"column":26},"end":{"line":223,"column":1}}}},"branchMap":{},"s":{"0":1,"1":1,"2":1,"3":1,"4":1,"5":1,"6":1,"7":1,"8":1,"9":1,"10":1,"11":1,"12":1,"13":1,"14":1,"15":1,"16":1,"17":1,"18":1,"19":1,"20":1,"21":1,"22":1,"23":1,"24":1,"25":1,"26":1,"27":1,"28":1,"29":1,"30":1,"31":1,"32":0,"33":0,"34":0,"35":0,"36":0,"37":0,"38":0,"39":0,"40":0,"41":0,"42":0,"43":0,"44":0,"45":0,"46":0,"47":0,"48":0,"49":0,"50":0,"51":0,"52":0,"53":0,"54":0,"55":0,"56":0,"57":0,"58":0,"59":0,"60":0,"61":0,"62":0,"63":0,"64":0,"65":0,"66":0,"67":0,"68":0,"69":0,"70":0,"71":0,"72":0,"73":0,"74":0,"75":0,"76":0,"77":0,"78":0,"79":0,"80":0,"81":1},"f":{"0":0},"b":{}}
,"E:\\RSS\\online-store\\src\\utils\\ageAndTextChecks.ts": {"path":"E:\\RSS\\online-store\\src\\utils\\ageAndTextChecks.ts","statementMap":{"0":{"start":{"line":1,"column":32},"end":{"line":15,"column":1}},"1":{"start":{"line":2,"column":25},"end":{"line":2,"column":32}},"2":{"start":{"line":3,"column":25},"end":{"line":3,"column":32}},"3":{"start":{"line":4,"column":22},"end":{"line":4,"column":29}},"4":{"start":{"line":5,"column":2},"end":{"line":7,"column":3}},"5":{"start":{"line":6,"column":4},"end":{"line":6,"column":17}},"6":{"start":{"line":8,"column":2},"end":{"line":10,"column":3}},"7":{"start":{"line":9,"column":4},"end":{"line":9,"column":17}},"8":{"start":{"line":11,"column":2},"end":{"line":13,"column":3}},"9":{"start":{"line":12,"column":4},"end":{"line":12,"column":17}},"10":{"start":{"line":14,"column":2},"end":{"line":14,"column":14}},"11":{"start":{"line":1,"column":13},"end":{"line":1,"column":32}},"12":{"start":{"line":17,"column":22},"end":{"line":17,"column":32}},"13":{"start":{"line":19,"column":12},"end":{"line":19,"column":58}},"14":{"start":{"line":21,"column":2},"end":{"line":27,"column":3}},"15":{"start":{"line":26,"column":4},"end":{"line":26,"column":10}},"16":{"start":{"line":28,"column":2},"end":{"line":28,"column":13}},"17":{"start":{"line":16,"column":0},"end":{"line":16,"column":16}}},"fnMap":{"0":{"name":"(anonymous_0)","decl":{"start":{"line":1,"column":32},"end":{"line":1,"column":33}},"loc":{"start":{"line":1,"column":62},"end":{"line":15,"column":1}}},"1":{"name":"calculateAge","decl":{"start":{"line":16,"column":16},"end":{"line":16,"column":28}},"loc":{"start":{"line":16,"column":39},"end":{"line":29,"column":1}}}},"branchMap":{"0":{"loc":{"start":{"line":5,"column":2},"end":{"line":7,"column":3}},"type":"if","locations":[{"start":{"line":5,"column":2},"end":{"line":7,"column":3}}]},"1":{"loc":{"start":{"line":8,"column":2},"end":{"line":10,"column":3}},"type":"if","locations":[{"start":{"line":8,"column":2},"end":{"line":10,"column":3}}]},"2":{"loc":{"start":{"line":11,"column":2},"end":{"line":13,"column":3}},"type":"if","locations":[{"start":{"line":11,"column":2},"end":{"line":13,"column":3}}]},"3":{"loc":{"start":{"line":21,"column":2},"end":{"line":27,"column":3}},"type":"if","locations":[{"start":{"line":21,"column":2},"end":{"line":27,"column":3}}]},"4":{"loc":{"start":{"line":22,"column":4},"end":{"line":24,"column":45}},"type":"binary-expr","locations":[{"start":{"line":22,"column":4},"end":{"line":22,"column":44}},{"start":{"line":23,"column":5},"end":{"line":23,"column":47}},{"start":{"line":24,"column":6},"end":{"line":24,"column":44}}]}},"s":{"0":1,"1":0,"2":0,"3":0,"4":0,"5":0,"6":0,"7":0,"8":0,"9":0,"10":0,"11":1,"12":1,"13":1,"14":1,"15":0,"16":1,"17":1},"f":{"0":0,"1":1},"b":{"0":[0],"1":[0],"2":[0],"3":[0],"4":[1,1,0]}}
,"E:\\RSS\\online-store\\src\\utils\\baseComponent.ts": {"path":"E:\\RSS\\online-store\\src\\utils\\baseComponent.ts","statementMap":{"0":{"start":{"line":18,"column":2},"end":{"line":20,"column":5}},"1":{"start":{"line":19,"column":4},"end":{"line":19,"column":50}},"2":{"start":{"line":26,"column":18},"end":{"line":26,"column":52}},"3":{"start":{"line":28,"column":2},"end":{"line":30,"column":3}},"4":{"start":{"line":29,"column":4},"end":{"line":29,"column":77}},"5":{"start":{"line":29,"column":44},"end":{"line":29,"column":75}},"6":{"start":{"line":32,"column":2},"end":{"line":34,"column":3}},"7":{"start":{"line":33,"column":4},"end":{"line":33,"column":45}},"8":{"start":{"line":36,"column":2},"end":{"line":42,"column":3}},"9":{"start":{"line":37,"column":4},"end":{"line":41,"column":7}},"10":{"start":{"line":38,"column":6},"end":{"line":40,"column":7}},"11":{"start":{"line":39,"column":8},"end":{"line":39,"column":68}},"12":{"start":{"line":44,"column":2},"end":{"line":46,"column":3}},"13":{"start":{"line":45,"column":4},"end":{"line":45,"column":44}},"14":{"start":{"line":48,"column":2},"end":{"line":48,"column":17}},"15":{"start":{"line":23,"column":0},"end":{"line":23,"column":16}},"16":{"start":{"line":55,"column":2},"end":{"line":55,"column":28}},"17":{"start":{"line":51,"column":0},"end":{"line":51,"column":16}},"18":{"start":{"line":59,"column":2},"end":{"line":59,"column":19}},"19":{"start":{"line":58,"column":0},"end":{"line":58,"column":16}},"20":{"start":{"line":67,"column":21},"end":{"line":67,"column":59}},"21":{"start":{"line":68,"column":2},"end":{"line":68,"column":39}},"22":{"start":{"line":69,"column":2},"end":{"line":69,"column":20}},"23":{"start":{"line":62,"column":0},"end":{"line":62,"column":16}},"24":{"start":{"line":73,"column":21},"end":{"line":73,"column":59}},"25":{"start":{"line":74,"column":2},"end":{"line":74,"column":38}},"26":{"start":{"line":75,"column":2},"end":{"line":75,"column":20}},"27":{"start":{"line":72,"column":0},"end":{"line":72,"column":16}},"28":{"start":{"line":82,"column":21},"end":{"line":82,"column":59}},"29":{"start":{"line":83,"column":2},"end":{"line":83,"column":41}},"30":{"start":{"line":84,"column":2},"end":{"line":84,"column":20}},"31":{"start":{"line":78,"column":0},"end":{"line":78,"column":16}},"32":{"start":{"line":88,"column":21},"end":{"line":88,"column":60}},"33":{"start":{"line":89,"column":2},"end":{"line":89,"column":20}},"34":{"start":{"line":87,"column":0},"end":{"line":87,"column":16}},"35":{"start":{"line":96,"column":21},"end":{"line":96,"column":65}},"36":{"start":{"line":97,"column":2},"end":{"line":97,"column":33}},"37":{"start":{"line":98,"column":2},"end":{"line":98,"column":20}},"38":{"start":{"line":92,"column":0},"end":{"line":92,"column":16}},"39":{"start":{"line":102,"column":2},"end":{"line":102,"column":27}},"40":{"start":{"line":101,"column":0},"end":{"line":101,"column":16}},"41":{"start":{"line":106,"column":2},"end":{"line":106,"column":23}},"42":{"start":{"line":105,"column":0},"end":{"line":105,"column":16}},"43":{"start":{"line":113,"column":21},"end":{"line":113,"column":64}},"44":{"start":{"line":114,"column":2},"end":{"line":114,"column":27}},"45":{"start":{"line":115,"column":2},"end":{"line":115,"column":20}},"46":{"start":{"line":109,"column":0},"end":{"line":109,"column":16}}},"fnMap":{"0":{"name":"setCallbacks","decl":{"start":{"line":14,"column":9},"end":{"line":14,"column":21}},"loc":{"start":{"line":16,"column":33},"end":{"line":21,"column":1}}},"1":{"name":"(anonymous_1)","decl":{"start":{"line":18,"column":20},"end":{"line":18,"column":21}},"loc":{"start":{"line":18,"column":48},"end":{"line":20,"column":3}}},"2":{"name":"createElement","decl":{"start":{"line":23,"column":16},"end":{"line":23,"column":29}},"loc":{"start":{"line":24,"column":52},"end":{"line":49,"column":1}}},"3":{"name":"(anonymous_3)","decl":{"start":{"line":29,"column":30},"end":{"line":29,"column":31}},"loc":{"start":{"line":29,"column":44},"end":{"line":29,"column":75}}},"4":{"name":"(anonymous_4)","decl":{"start":{"line":37,"column":43},"end":{"line":37,"column":44}},"loc":{"start":{"line":37,"column":56},"end":{"line":41,"column":5}}},"5":{"name":"addInnerComponent","decl":{"start":{"line":51,"column":16},"end":{"line":51,"column":33}},"loc":{"start":{"line":53,"column":20},"end":{"line":56,"column":1}}},"6":{"name":"removeElement","decl":{"start":{"line":58,"column":16},"end":{"line":58,"column":29}},"loc":{"start":{"line":58,"column":50},"end":{"line":60,"column":1}}},"7":{"name":"setAttribute","decl":{"start":{"line":62,"column":16},"end":{"line":62,"column":28}},"loc":{"start":{"line":65,"column":15},"end":{"line":70,"column":1}}},"8":{"name":"addClass","decl":{"start":{"line":72,"column":16},"end":{"line":72,"column":24}},"loc":{"start":{"line":72,"column":64},"end":{"line":76,"column":1}}},"9":{"name":"removeClass","decl":{"start":{"line":78,"column":16},"end":{"line":78,"column":27}},"loc":{"start":{"line":80,"column":19},"end":{"line":85,"column":1}}},"10":{"name":"clear","decl":{"start":{"line":87,"column":16},"end":{"line":87,"column":21}},"loc":{"start":{"line":87,"column":42},"end":{"line":90,"column":1}}},"11":{"name":"setDisabled","decl":{"start":{"line":92,"column":16},"end":{"line":92,"column":27}},"loc":{"start":{"line":94,"column":19},"end":{"line":99,"column":1}}},"12":{"name":"isEnabled","decl":{"start":{"line":101,"column":16},"end":{"line":101,"column":25}},"loc":{"start":{"line":101,"column":52},"end":{"line":103,"column":1}}},"13":{"name":"getValue","decl":{"start":{"line":105,"column":16},"end":{"line":105,"column":24}},"loc":{"start":{"line":105,"column":50},"end":{"line":107,"column":1}}},"14":{"name":"setValue","decl":{"start":{"line":109,"column":16},"end":{"line":109,"column":24}},"loc":{"start":{"line":111,"column":15},"end":{"line":116,"column":1}}}},"branchMap":{"0":{"loc":{"start":{"line":28,"column":2},"end":{"line":30,"column":3}},"type":"if","locations":[{"start":{"line":28,"column":2},"end":{"line":30,"column":3}}]},"1":{"loc":{"start":{"line":32,"column":2},"end":{"line":34,"column":3}},"type":"if","locations":[{"start":{"line":32,"column":2},"end":{"line":34,"column":3}}]},"2":{"loc":{"start":{"line":36,"column":2},"end":{"line":42,"column":3}},"type":"if","locations":[{"start":{"line":36,"column":2},"end":{"line":42,"column":3}}]},"3":{"loc":{"start":{"line":38,"column":6},"end":{"line":40,"column":7}},"type":"if","locations":[{"start":{"line":38,"column":6},"end":{"line":40,"column":7}}]},"4":{"loc":{"start":{"line":44,"column":2},"end":{"line":46,"column":3}},"type":"if","locations":[{"start":{"line":44,"column":2},"end":{"line":46,"column":3}}]}},"s":{"0":0,"1":0,"2":34,"3":34,"4":34,"5":58,"6":34,"7":12,"8":34,"9":12,"10":28,"11":28,"12":34,"13":0,"14":34,"15":1,"16":0,"17":1,"18":0,"19":1,"20":0,"21":0,"22":0,"23":1,"24":0,"25":0,"26":0,"27":1,"28":0,"29":0,"30":0,"31":1,"32":0,"33":0,"34":1,"35":0,"36":0,"37":0,"38":1,"39":0,"40":1,"41":0,"42":1,"43":0,"44":0,"45":0,"46":1},"f":{"0":0,"1":0,"2":34,"3":58,"4":28,"5":0,"6":0,"7":0,"8":0,"9":0,"10":0,"11":0,"12":0,"13":0,"14":0},"b":{"0":[34],"1":[12],"2":[12],"3":[28],"4":[0]}}
,"E:\\RSS\\online-store\\src\\utils\\validations\\booleanValid.ts": {"path":"E:\\RSS\\online-store\\src\\utils\\validations\\booleanValid.ts","statementMap":{"0":{"start":{"line":1,"column":13},"end":{"line":10,"column":2}},"1":{"start":{"line":16,"column":2},"end":{"line":16,"column":29}},"2":{"start":{"line":12,"column":0},"end":{"line":12,"column":16}}},"fnMap":{"0":{"name":"setValidStatus","decl":{"start":{"line":12,"column":16},"end":{"line":12,"column":30}},"loc":{"start":{"line":14,"column":16},"end":{"line":17,"column":1}}}},"branchMap":{},"s":{"0":1,"1":4,"2":1},"f":{"0":4},"b":{}}
,"E:\\RSS\\online-store\\src\\utils\\validations\\submitRegData.ts": {"path":"E:\\RSS\\online-store\\src\\utils\\validations\\submitRegData.ts","statementMap":{"0":{"start":{"line":1,"column":0},"end":{"line":1,"column":47}},"1":{"start":{"line":2,"column":0},"end":{"line":2,"column":88}},"2":{"start":{"line":4,"column":15},"end":{"line":4,"column":69}},"3":{"start":{"line":5,"column":19},"end":{"line":5,"column":77}},"4":{"start":{"line":6,"column":19},"end":{"line":6,"column":77}},"5":{"start":{"line":7,"column":15},"end":{"line":7,"column":69}},"6":{"start":{"line":8,"column":15},"end":{"line":8,"column":69}},"7":{"start":{"line":9,"column":15},"end":{"line":9,"column":69}},"8":{"start":{"line":10,"column":17},"end":{"line":10,"column":73}},"9":{"start":{"line":11,"column":18},"end":{"line":11,"column":54}},"10":{"start":{"line":12,"column":19},"end":{"line":12,"column":65}},"11":{"start":{"line":13,"column":21},"end":{"line":13,"column":69}},"12":{"start":{"line":14,"column":20},"end":{"line":14,"column":67}},"13":{"start":{"line":15,"column":15},"end":{"line":15,"column":122}},"14":{"start":{"line":16,"column":2},"end":{"line":40,"column":3}},"15":{"start":{"line":26,"column":20},"end":{"line":36,"column":6}},"16":{"start":{"line":37,"column":4},"end":{"line":37,"column":25}},"17":{"start":{"line":39,"column":4},"end":{"line":39,"column":29}},"18":{"start":{"line":3,"column":0},"end":{"line":3,"column":16}}},"fnMap":{"0":{"name":"submitRegData","decl":{"start":{"line":3,"column":16},"end":{"line":3,"column":29}},"loc":{"start":{"line":3,"column":29},"end":{"line":41,"column":1}}}},"branchMap":{"0":{"loc":{"start":{"line":16,"column":2},"end":{"line":40,"column":3}},"type":"if","locations":[{"start":{"line":16,"column":2},"end":{"line":40,"column":3}},{"start":{"line":38,"column":9},"end":{"line":40,"column":3}}]},"1":{"loc":{"start":{"line":17,"column":4},"end":{"line":24,"column":35}},"type":"binary-expr","locations":[{"start":{"line":17,"column":4},"end":{"line":17,"column":33}},{"start":{"line":18,"column":4},"end":{"line":18,"column":37}},{"start":{"line":19,"column":4},"end":{"line":19,"column":37}},{"start":{"line":20,"column":4},"end":{"line":20,"column":33}},{"start":{"line":21,"column":4},"end":{"line":21,"column":33}},{"start":{"line":22,"column":4},"end":{"line":22,"column":33}},{"start":{"line":23,"column":4},"end":{"line":23,"column":33}},{"start":{"line":24,"column":4},"end":{"line":24,"column":35}}]}},"s":{"0":1,"1":1,"2":0,"3":0,"4":0,"5":0,"6":0,"7":0,"8":0,"9":0,"10":0,"11":0,"12":0,"13":0,"14":0,"15":0,"16":0,"17":0,"18":1},"f":{"0":0},"b":{"0":[0,0],"1":[0,0,0,0,0,0,0,0]}}
,"E:\\RSS\\online-store\\src\\utils\\validations\\validation.ts": {"path":"E:\\RSS\\online-store\\src\\utils\\validations\\validation.ts","statementMap":{"0":{"start":{"line":1,"column":0},"end":{"line":1,"column":58}},"1":{"start":{"line":3,"column":16},"end":{"line":3,"column":33}},"2":{"start":{"line":4,"column":20},"end":{"line":4,"column":61}},"3":{"start":{"line":5,"column":2},"end":{"line":7,"column":3}},"4":{"start":{"line":6,"column":4},"end":{"line":6,"column":41}},"5":{"start":{"line":8,"column":2},"end":{"line":10,"column":3}},"6":{"start":{"line":9,"column":4},"end":{"line":9,"column":45}},"7":{"start":{"line":11,"column":2},"end":{"line":13,"column":3}},"8":{"start":{"line":12,"column":4},"end":{"line":12,"column":41}},"9":{"start":{"line":14,"column":2},"end":{"line":16,"column":3}},"10":{"start":{"line":15,"column":4},"end":{"line":15,"column":43}},"11":{"start":{"line":17,"column":2},"end":{"line":19,"column":3}},"12":{"start":{"line":18,"column":4},"end":{"line":18,"column":45}},"13":{"start":{"line":20,"column":2},"end":{"line":22,"column":3}},"14":{"start":{"line":21,"column":4},"end":{"line":21,"column":41}},"15":{"start":{"line":23,"column":2},"end":{"line":25,"column":3}},"16":{"start":{"line":24,"column":4},"end":{"line":24,"column":42}},"17":{"start":{"line":26,"column":2},"end":{"line":28,"column":3}},"18":{"start":{"line":27,"column":4},"end":{"line":27,"column":40}},"19":{"start":{"line":29,"column":2},"end":{"line":31,"column":3}},"20":{"start":{"line":30,"column":4},"end":{"line":30,"column":42}},"21":{"start":{"line":32,"column":2},"end":{"line":34,"column":3}},"22":{"start":{"line":33,"column":4},"end":{"line":33,"column":41}},"23":{"start":{"line":35,"column":2},"end":{"line":37,"column":3}},"24":{"start":{"line":36,"column":4},"end":{"line":36,"column":45}},"25":{"start":{"line":38,"column":2},"end":{"line":38,"column":14}},"26":{"start":{"line":2,"column":0},"end":{"line":2,"column":16}}},"fnMap":{"0":{"name":"validateInput","decl":{"start":{"line":2,"column":16},"end":{"line":2,"column":29}},"loc":{"start":{"line":2,"column":29},"end":{"line":39,"column":1}}}},"branchMap":{"0":{"loc":{"start":{"line":5,"column":2},"end":{"line":7,"column":3}},"type":"if","locations":[{"start":{"line":5,"column":2},"end":{"line":7,"column":3}}]},"1":{"loc":{"start":{"line":8,"column":2},"end":{"line":10,"column":3}},"type":"if","locations":[{"start":{"line":8,"column":2},"end":{"line":10,"column":3}}]},"2":{"loc":{"start":{"line":11,"column":2},"end":{"line":13,"column":3}},"type":"if","locations":[{"start":{"line":11,"column":2},"end":{"line":13,"column":3}}]},"3":{"loc":{"start":{"line":14,"column":2},"end":{"line":16,"column":3}},"type":"if","locations":[{"start":{"line":14,"column":2},"end":{"line":16,"column":3}}]},"4":{"loc":{"start":{"line":17,"column":2},"end":{"line":19,"column":3}},"type":"if","locations":[{"start":{"line":17,"column":2},"end":{"line":19,"column":3}}]},"5":{"loc":{"start":{"line":20,"column":2},"end":{"line":22,"column":3}},"type":"if","locations":[{"start":{"line":20,"column":2},"end":{"line":22,"column":3}}]},"6":{"loc":{"start":{"line":23,"column":2},"end":{"line":25,"column":3}},"type":"if","locations":[{"start":{"line":23,"column":2},"end":{"line":25,"column":3}}]},"7":{"loc":{"start":{"line":26,"column":2},"end":{"line":28,"column":3}},"type":"if","locations":[{"start":{"line":26,"column":2},"end":{"line":28,"column":3}}]},"8":{"loc":{"start":{"line":29,"column":2},"end":{"line":31,"column":3}},"type":"if","locations":[{"start":{"line":29,"column":2},"end":{"line":31,"column":3}}]},"9":{"loc":{"start":{"line":32,"column":2},"end":{"line":34,"column":3}},"type":"if","locations":[{"start":{"line":32,"column":2},"end":{"line":34,"column":3}}]},"10":{"loc":{"start":{"line":35,"column":2},"end":{"line":37,"column":3}},"type":"if","locations":[{"start":{"line":35,"column":2},"end":{"line":37,"column":3}}]}},"s":{"0":1,"1":0,"2":0,"3":0,"4":0,"5":0,"6":0,"7":0,"8":0,"9":0,"10":0,"11":0,"12":0,"13":0,"14":0,"15":0,"16":0,"17":0,"18":0,"19":0,"20":0,"21":0,"22":0,"23":0,"24":0,"25":0,"26":1},"f":{"0":0},"b":{"0":[0],"1":[0],"2":[0],"3":[0],"4":[0],"5":[0],"6":[0],"7":[0],"8":[0],"9":[0],"10":[0]}}
,"E:\\RSS\\online-store\\src\\utils\\validations\\validationsComponents.ts": {"path":"E:\\RSS\\online-store\\src\\utils\\validations\\validationsComponents.ts","statementMap":{"0":{"start":{"line":1,"column":0},"end":{"line":1,"column":69}},"1":{"start":{"line":2,"column":0},"end":{"line":2,"column":38}},"2":{"start":{"line":3,"column":0},"end":{"line":3,"column":null}},"3":{"start":{"line":7,"column":0},"end":{"line":7,"column":88}},"4":{"start":{"line":8,"column":0},"end":{"line":8,"column":46}},"5":{"start":{"line":9,"column":0},"end":{"line":9,"column":47}},"6":{"start":{"line":12,"column":22},"end":{"line":12,"column":58}},"7":{"start":{"line":13,"column":20},"end":{"line":13,"column":54}},"8":{"start":{"line":14,"column":20},"end":{"line":14,"column":54}},"9":{"start":{"line":15,"column":22},"end":{"line":15,"column":58}},"10":{"start":{"line":16,"column":24},"end":{"line":16,"column":50}},"11":{"start":{"line":17,"column":26},"end":{"line":17,"column":54}},"12":{"start":{"line":18,"column":25},"end":{"line":18,"column":52}},"13":{"start":{"line":19,"column":23},"end":{"line":33,"column":2}},"14":{"start":{"line":35,"column":14},"end":{"line":41,"column":2}},"15":{"start":{"line":47,"column":2},"end":{"line":47,"column":39}},"16":{"start":{"line":50,"column":14},"end":{"line":50,"column":34}},"17":{"start":{"line":51,"column":2},"end":{"line":55,"column":3}},"18":{"start":{"line":52,"column":4},"end":{"line":52,"column":32}},"19":{"start":{"line":53,"column":4},"end":{"line":53,"column":47}},"20":{"start":{"line":54,"column":4},"end":{"line":54,"column":17}},"21":{"start":{"line":56,"column":2},"end":{"line":60,"column":3}},"22":{"start":{"line":57,"column":4},"end":{"line":57,"column":57}},"23":{"start":{"line":58,"column":4},"end":{"line":58,"column":47}},"24":{"start":{"line":59,"column":4},"end":{"line":59,"column":17}},"25":{"start":{"line":61,"column":2},"end":{"line":61,"column":30}},"26":{"start":{"line":62,"column":2},"end":{"line":62,"column":44}},"27":{"start":{"line":63,"column":2},"end":{"line":63,"column":14}},"28":{"start":{"line":49,"column":0},"end":{"line":49,"column":16}},"29":{"start":{"line":66,"column":16},"end":{"line":66,"column":31}},"30":{"start":{"line":67,"column":14},"end":{"line":67,"column":34}},"31":{"start":{"line":68,"column":2},"end":{"line":71,"column":3}},"32":{"start":{"line":69,"column":4},"end":{"line":69,"column":58}},"33":{"start":{"line":70,"column":4},"end":{"line":70,"column":17}},"34":{"start":{"line":72,"column":2},"end":{"line":72,"column":14}},"35":{"start":{"line":65,"column":0},"end":{"line":65,"column":16}},"36":{"start":{"line":75,"column":14},"end":{"line":75,"column":33}},"37":{"start":{"line":76,"column":2},"end":{"line":80,"column":3}},"38":{"start":{"line":77,"column":4},"end":{"line":77,"column":32}},"39":{"start":{"line":78,"column":4},"end":{"line":78,"column":47}},"40":{"start":{"line":79,"column":4},"end":{"line":79,"column":17}},"41":{"start":{"line":81,"column":2},"end":{"line":85,"column":3}},"42":{"start":{"line":82,"column":4},"end":{"line":82,"column":55}},"43":{"start":{"line":83,"column":4},"end":{"line":83,"column":47}},"44":{"start":{"line":84,"column":4},"end":{"line":84,"column":17}},"45":{"start":{"line":86,"column":2},"end":{"line":90,"column":3}},"46":{"start":{"line":87,"column":4},"end":{"line":87,"column":63}},"47":{"start":{"line":88,"column":4},"end":{"line":88,"column":47}},"48":{"start":{"line":89,"column":4},"end":{"line":89,"column":17}},"49":{"start":{"line":91,"column":2},"end":{"line":91,"column":44}},"50":{"start":{"line":92,"column":2},"end":{"line":92,"column":30}},"51":{"start":{"line":93,"column":2},"end":{"line":93,"column":14}},"52":{"start":{"line":74,"column":0},"end":{"line":74,"column":16}},"53":{"start":{"line":96,"column":14},"end":{"line":96,"column":37}},"54":{"start":{"line":97,"column":2},"end":{"line":101,"column":3}},"55":{"start":{"line":98,"column":4},"end":{"line":98,"column":32}},"56":{"start":{"line":99,"column":4},"end":{"line":99,"column":51}},"57":{"start":{"line":100,"column":4},"end":{"line":100,"column":17}},"58":{"start":{"line":102,"column":2},"end":{"line":106,"column":3}},"59":{"start":{"line":103,"column":4},"end":{"line":103,"column":55}},"60":{"start":{"line":104,"column":4},"end":{"line":104,"column":51}},"61":{"start":{"line":105,"column":4},"end":{"line":105,"column":17}},"62":{"start":{"line":107,"column":2},"end":{"line":111,"column":3}},"63":{"start":{"line":108,"column":4},"end":{"line":108,"column":63}},"64":{"start":{"line":109,"column":4},"end":{"line":109,"column":51}},"65":{"start":{"line":110,"column":4},"end":{"line":110,"column":17}},"66":{"start":{"line":112,"column":2},"end":{"line":112,"column":48}},"67":{"start":{"line":113,"column":2},"end":{"line":113,"column":30}},"68":{"start":{"line":114,"column":2},"end":{"line":114,"column":14}},"69":{"start":{"line":95,"column":0},"end":{"line":95,"column":16}},"70":{"start":{"line":118,"column":14},"end":{"line":118,"column":33}},"71":{"start":{"line":119,"column":20},"end":{"line":119,"column":41}},"72":{"start":{"line":120,"column":2},"end":{"line":128,"column":3}},"73":{"start":{"line":121,"column":4},"end":{"line":127,"column":5}},"74":{"start":{"line":122,"column":6},"end":{"line":122,"column":49}},"75":{"start":{"line":123,"column":6},"end":{"line":123,"column":51}},"76":{"start":{"line":124,"column":6},"end":{"line":124,"column":24}},"77":{"start":{"line":125,"column":6},"end":{"line":125,"column":34}},"78":{"start":{"line":126,"column":6},"end":{"line":126,"column":19}},"79":{"start":{"line":129,"column":2},"end":{"line":139,"column":3}},"80":{"start":{"line":130,"column":4},"end":{"line":138,"column":5}},"81":{"start":{"line":131,"column":6},"end":{"line":131,"column":42}},"82":{"start":{"line":132,"column":6},"end":{"line":132,"column":57}},"83":{"start":{"line":133,"column":6},"end":{"line":133,"column":49}},"84":{"start":{"line":134,"column":6},"end":{"line":134,"column":51}},"85":{"start":{"line":135,"column":6},"end":{"line":135,"column":33}},"86":{"start":{"line":136,"column":6},"end":{"line":136,"column":24}},"87":{"start":{"line":137,"column":6},"end":{"line":137,"column":19}},"88":{"start":{"line":140,"column":2},"end":{"line":150,"column":3}},"89":{"start":{"line":141,"column":4},"end":{"line":149,"column":5}},"90":{"start":{"line":142,"column":6},"end":{"line":142,"column":49}},"91":{"start":{"line":143,"column":6},"end":{"line":143,"column":51}},"92":{"start":{"line":144,"column":6},"end":{"line":144,"column":42}},"93":{"start":{"line":145,"column":6},"end":{"line":145,"column":33}},"94":{"start":{"line":146,"column":6},"end":{"line":146,"column":24}},"95":{"start":{"line":147,"column":6},"end":{"line":147,"column":65}},"96":{"start":{"line":148,"column":6},"end":{"line":148,"column":19}},"97":{"start":{"line":151,"column":2},"end":{"line":151,"column":30}},"98":{"start":{"line":152,"column":2},"end":{"line":152,"column":44}},"99":{"start":{"line":153,"column":2},"end":{"line":153,"column":37}},"100":{"start":{"line":154,"column":2},"end":{"line":154,"column":14}},"101":{"start":{"line":117,"column":0},"end":{"line":117,"column":16}},"102":{"start":{"line":157,"column":14},"end":{"line":157,"column":35}},"103":{"start":{"line":158,"column":2},"end":{"line":162,"column":3}},"104":{"start":{"line":159,"column":4},"end":{"line":159,"column":49}},"105":{"start":{"line":160,"column":4},"end":{"line":160,"column":32}},"106":{"start":{"line":161,"column":4},"end":{"line":161,"column":17}},"107":{"start":{"line":163,"column":2},"end":{"line":167,"column":3}},"108":{"start":{"line":164,"column":4},"end":{"line":164,"column":49}},"109":{"start":{"line":165,"column":4},"end":{"line":165,"column":55}},"110":{"start":{"line":166,"column":4},"end":{"line":166,"column":17}},"111":{"start":{"line":168,"column":2},"end":{"line":172,"column":3}},"112":{"start":{"line":169,"column":4},"end":{"line":169,"column":49}},"113":{"start":{"line":170,"column":4},"end":{"line":170,"column":63}},"114":{"start":{"line":171,"column":4},"end":{"line":171,"column":17}},"115":{"start":{"line":173,"column":2},"end":{"line":173,"column":46}},"116":{"start":{"line":174,"column":2},"end":{"line":174,"column":30}},"117":{"start":{"line":175,"column":2},"end":{"line":175,"column":14}},"118":{"start":{"line":156,"column":0},"end":{"line":156,"column":16}},"119":{"start":{"line":178,"column":14},"end":{"line":178,"column":37}},"120":{"start":{"line":180,"column":2},"end":{"line":184,"column":3}},"121":{"start":{"line":181,"column":4},"end":{"line":181,"column":73}},"122":{"start":{"line":182,"column":4},"end":{"line":182,"column":51}},"123":{"start":{"line":183,"column":4},"end":{"line":183,"column":17}},"124":{"start":{"line":185,"column":2},"end":{"line":189,"column":3}},"125":{"start":{"line":186,"column":4},"end":{"line":186,"column":51}},"126":{"start":{"line":187,"column":4},"end":{"line":187,"column":63}},"127":{"start":{"line":188,"column":4},"end":{"line":188,"column":17}},"128":{"start":{"line":190,"column":2},"end":{"line":194,"column":3}},"129":{"start":{"line":191,"column":4},"end":{"line":191,"column":51}},"130":{"start":{"line":192,"column":4},"end":{"line":192,"column":66}},"131":{"start":{"line":193,"column":4},"end":{"line":193,"column":17}},"132":{"start":{"line":195,"column":2},"end":{"line":195,"column":48}},"133":{"start":{"line":196,"column":2},"end":{"line":196,"column":30}},"134":{"start":{"line":197,"column":2},"end":{"line":197,"column":14}},"135":{"start":{"line":177,"column":0},"end":{"line":177,"column":16}},"136":{"start":{"line":200,"column":14},"end":{"line":200,"column":34}},"137":{"start":{"line":201,"column":2},"end":{"line":204,"column":3}},"138":{"start":{"line":202,"column":4},"end":{"line":202,"column":32}},"139":{"start":{"line":203,"column":4},"end":{"line":203,"column":11}},"140":{"start":{"line":205,"column":2},"end":{"line":213,"column":3}},"141":{"start":{"line":206,"column":4},"end":{"line":206,"column":57}},"142":{"start":{"line":207,"column":4},"end":{"line":209,"column":5}},"143":{"start":{"line":208,"column":6},"end":{"line":208,"column":58}},"144":{"start":{"line":211,"column":4},"end":{"line":211,"column":32}},"145":{"start":{"line":212,"column":4},"end":{"line":212,"column":27}},"146":{"start":{"line":199,"column":0},"end":{"line":199,"column":16}},"147":{"start":{"line":216,"column":14},"end":{"line":216,"column":34}},"148":{"start":{"line":217,"column":2},"end":{"line":220,"column":3}},"149":{"start":{"line":218,"column":4},"end":{"line":218,"column":32}},"150":{"start":{"line":219,"column":4},"end":{"line":219,"column":11}},"151":{"start":{"line":221,"column":2},"end":{"line":229,"column":3}},"152":{"start":{"line":222,"column":4},"end":{"line":222,"column":57}},"153":{"start":{"line":223,"column":4},"end":{"line":225,"column":5}},"154":{"start":{"line":224,"column":6},"end":{"line":224,"column":58}},"155":{"start":{"line":227,"column":4},"end":{"line":227,"column":32}},"156":{"start":{"line":228,"column":4},"end":{"line":228,"column":27}},"157":{"start":{"line":215,"column":0},"end":{"line":215,"column":16}},"158":{"start":{"line":232,"column":14},"end":{"line":232,"column":34}},"159":{"start":{"line":233,"column":2},"end":{"line":236,"column":3}},"160":{"start":{"line":234,"column":4},"end":{"line":234,"column":32}},"161":{"start":{"line":235,"column":4},"end":{"line":235,"column":11}},"162":{"start":{"line":237,"column":2},"end":{"line":239,"column":3}},"163":{"start":{"line":238,"column":4},"end":{"line":238,"column":57}},"164":{"start":{"line":240,"column":2},"end":{"line":240,"column":25}},"165":{"start":{"line":231,"column":0},"end":{"line":231,"column":16}},"166":{"start":{"line":244,"column":14},"end":{"line":244,"column":34}},"167":{"start":{"line":245,"column":17},"end":{"line":245,"column":59}},"168":{"start":{"line":246,"column":2},"end":{"line":248,"column":3}},"169":{"start":{"line":247,"column":4},"end":{"line":247,"column":11}},"170":{"start":{"line":249,"column":2},"end":{"line":280,"column":3}},"171":{"start":{"line":254,"column":4},"end":{"line":279,"column":5}},"172":{"start":{"line":255,"column":6},"end":{"line":275,"column":7}},"173":{"start":{"line":261,"column":20},"end":{"line":264,"column":null}},"174":{"start":{"line":266,"column":8},"end":{"line":271,"column":9}},"175":{"start":{"line":267,"column":10},"end":{"line":267,"column":65}},"176":{"start":{"line":269,"column":10},"end":{"line":269,"column":52}},"177":{"start":{"line":270,"column":10},"end":{"line":270,"column":38}},"178":{"start":{"line":273,"column":8},"end":{"line":273,"column":51}},"179":{"start":{"line":274,"column":8},"end":{"line":274,"column":62}},"180":{"start":{"line":277,"column":6},"end":{"line":277,"column":49}},"181":{"start":{"line":278,"column":6},"end":{"line":278,"column":60}},"182":{"start":{"line":243,"column":0},"end":{"line":243,"column":16}},"183":{"start":{"line":284,"column":23},"end":{"line":284,"column":38}},"184":{"start":{"line":285,"column":23},"end":{"line":285,"column":70}},"185":{"start":{"line":286,"column":19},"end":{"line":286,"column":57}},"186":{"start":{"line":287,"column":14},"end":{"line":287,"column":33}},"187":{"start":{"line":288,"column":18},"end":{"line":288,"column":37}},"188":{"start":{"line":289,"column":20},"end":{"line":289,"column":41}},"189":{"start":{"line":290,"column":2},"end":{"line":307,"column":3}},"190":{"start":{"line":291,"column":4},"end":{"line":306,"column":5}},"191":{"start":{"line":295,"column":6},"end":{"line":295,"column":34}},"192":{"start":{"line":296,"column":6},"end":{"line":296,"column":40}},"193":{"start":{"line":297,"column":6},"end":{"line":297,"column":42}},"194":{"start":{"line":298,"column":6},"end":{"line":298,"column":49}},"195":{"start":{"line":299,"column":6},"end":{"line":299,"column":49}},"196":{"start":{"line":300,"column":6},"end":{"line":300,"column":51}},"197":{"start":{"line":301,"column":6},"end":{"line":301,"column":31}},"198":{"start":{"line":302,"column":6},"end":{"line":302,"column":33}},"199":{"start":{"line":303,"column":6},"end":{"line":303,"column":24}},"200":{"start":{"line":304,"column":6},"end":{"line":304,"column":22}},"201":{"start":{"line":305,"column":6},"end":{"line":305,"column":13}},"202":{"start":{"line":308,"column":2},"end":{"line":335,"column":3}},"203":{"start":{"line":309,"column":4},"end":{"line":329,"column":5}},"204":{"start":{"line":310,"column":6},"end":{"line":310,"column":39}},"205":{"start":{"line":311,"column":6},"end":{"line":311,"column":34}},"206":{"start":{"line":313,"column":6},"end":{"line":328,"column":7}},"207":{"start":{"line":317,"column":8},"end":{"line":317,"column":42}},"208":{"start":{"line":318,"column":8},"end":{"line":318,"column":44}},"209":{"start":{"line":319,"column":8},"end":{"line":319,"column":51}},"210":{"start":{"line":320,"column":8},"end":{"line":320,"column":51}},"211":{"start":{"line":321,"column":8},"end":{"line":321,"column":53}},"212":{"start":{"line":322,"column":8},"end":{"line":322,"column":33}},"213":{"start":{"line":323,"column":8},"end":{"line":323,"column":35}},"214":{"start":{"line":324,"column":8},"end":{"line":324,"column":26}},"215":{"start":{"line":325,"column":8},"end":{"line":325,"column":24}},"216":{"start":{"line":326,"column":8},"end":{"line":326,"column":62}},"217":{"start":{"line":327,"column":8},"end":{"line":327,"column":15}},"218":{"start":{"line":331,"column":4},"end":{"line":331,"column":46}},"219":{"start":{"line":332,"column":4},"end":{"line":332,"column":37}},"220":{"start":{"line":333,"column":4},"end":{"line":333,"column":32}},"221":{"start":{"line":334,"column":4},"end":{"line":334,"column":11}},"222":{"start":{"line":283,"column":0},"end":{"line":283,"column":16}},"223":{"start":{"line":338,"column":2},"end":{"line":348,"column":3}},"224":{"start":{"line":343,"column":4},"end":{"line":343,"column":39}},"225":{"start":{"line":344,"column":4},"end":{"line":344,"column":37}},"226":{"start":{"line":345,"column":4},"end":{"line":345,"column":22}},"227":{"start":{"line":346,"column":4},"end":{"line":346,"column":20}},"228":{"start":{"line":347,"column":4},"end":{"line":347,"column":20}},"229":{"start":{"line":337,"column":0},"end":{"line":337,"column":16}}},"fnMap":{"0":{"name":"incorectValidation","decl":{"start":{"line":43,"column":9},"end":{"line":43,"column":27}},"loc":{"start":{"line":45,"column":22},"end":{"line":48,"column":1}}},"1":{"name":"mailValidation","decl":{"start":{"line":49,"column":16},"end":{"line":49,"column":30}},"loc":{"start":{"line":49,"column":44},"end":{"line":64,"column":1}}},"2":{"name":"validationBirth","decl":{"start":{"line":65,"column":16},"end":{"line":65,"column":31}},"loc":{"start":{"line":65,"column":45},"end":{"line":73,"column":1}}},"3":{"name":"nameValidation","decl":{"start":{"line":74,"column":16},"end":{"line":74,"column":30}},"loc":{"start":{"line":74,"column":44},"end":{"line":94,"column":1}}},"4":{"name":"lastNameValidation","decl":{"start":{"line":95,"column":16},"end":{"line":95,"column":34}},"loc":{"start":{"line":95,"column":48},"end":{"line":115,"column":1}}},"5":{"name":"cityValidation","decl":{"start":{"line":117,"column":16},"end":{"line":117,"column":30}},"loc":{"start":{"line":117,"column":44},"end":{"line":155,"column":1}}},"6":{"name":"streetValidation","decl":{"start":{"line":156,"column":16},"end":{"line":156,"column":32}},"loc":{"start":{"line":156,"column":46},"end":{"line":176,"column":1}}},"7":{"name":"passwordValidation","decl":{"start":{"line":177,"column":16},"end":{"line":177,"column":34}},"loc":{"start":{"line":177,"column":48},"end":{"line":198,"column":1}}},"8":{"name":"dayValidation","decl":{"start":{"line":199,"column":16},"end":{"line":199,"column":29}},"loc":{"start":{"line":199,"column":43},"end":{"line":214,"column":1}}},"9":{"name":"monthValidation","decl":{"start":{"line":215,"column":16},"end":{"line":215,"column":31}},"loc":{"start":{"line":215,"column":45},"end":{"line":230,"column":1}}},"10":{"name":"yearValidation","decl":{"start":{"line":231,"column":16},"end":{"line":231,"column":30}},"loc":{"start":{"line":231,"column":44},"end":{"line":241,"column":1}}},"11":{"name":"checkNumber","decl":{"start":{"line":243,"column":16},"end":{"line":243,"column":27}},"loc":{"start":{"line":243,"column":27},"end":{"line":281,"column":1}}},"12":{"name":"postCodeValidation","decl":{"start":{"line":283,"column":16},"end":{"line":283,"column":34}},"loc":{"start":{"line":283,"column":48},"end":{"line":336,"column":1}}},"13":{"name":"disableLocation","decl":{"start":{"line":337,"column":16},"end":{"line":337,"column":31}},"loc":{"start":{"line":337,"column":31},"end":{"line":349,"column":1}}}},"branchMap":{"0":{"loc":{"start":{"line":51,"column":2},"end":{"line":55,"column":3}},"type":"if","locations":[{"start":{"line":51,"column":2},"end":{"line":55,"column":3}}]},"1":{"loc":{"start":{"line":56,"column":2},"end":{"line":60,"column":3}},"type":"if","locations":[{"start":{"line":56,"column":2},"end":{"line":60,"column":3}}]},"2":{"loc":{"start":{"line":68,"column":2},"end":{"line":71,"column":3}},"type":"if","locations":[{"start":{"line":68,"column":2},"end":{"line":71,"column":3}}]},"3":{"loc":{"start":{"line":76,"column":2},"end":{"line":80,"column":3}},"type":"if","locations":[{"start":{"line":76,"column":2},"end":{"line":80,"column":3}}]},"4":{"loc":{"start":{"line":81,"column":2},"end":{"line":85,"column":3}},"type":"if","locations":[{"start":{"line":81,"column":2},"end":{"line":85,"column":3}}]},"5":{"loc":{"start":{"line":86,"column":2},"end":{"line":90,"column":3}},"type":"if","locations":[{"start":{"line":86,"column":2},"end":{"line":90,"column":3}}]},"6":{"loc":{"start":{"line":97,"column":2},"end":{"line":101,"column":3}},"type":"if","locations":[{"start":{"line":97,"column":2},"end":{"line":101,"column":3}}]},"7":{"loc":{"start":{"line":102,"column":2},"end":{"line":106,"column":3}},"type":"if","locations":[{"start":{"line":102,"column":2},"end":{"line":106,"column":3}}]},"8":{"loc":{"start":{"line":107,"column":2},"end":{"line":111,"column":3}},"type":"if","locations":[{"start":{"line":107,"column":2},"end":{"line":111,"column":3}}]},"9":{"loc":{"start":{"line":120,"column":2},"end":{"line":128,"column":3}},"type":"if","locations":[{"start":{"line":120,"column":2},"end":{"line":128,"column":3}}]},"10":{"loc":{"start":{"line":121,"column":4},"end":{"line":127,"column":5}},"type":"if","locations":[{"start":{"line":121,"column":4},"end":{"line":127,"column":5}}]},"11":{"loc":{"start":{"line":129,"column":2},"end":{"line":139,"column":3}},"type":"if","locations":[{"start":{"line":129,"column":2},"end":{"line":139,"column":3}}]},"12":{"loc":{"start":{"line":130,"column":4},"end":{"line":138,"column":5}},"type":"if","locations":[{"start":{"line":130,"column":4},"end":{"line":138,"column":5}}]},"13":{"loc":{"start":{"line":140,"column":2},"end":{"line":150,"column":3}},"type":"if","locations":[{"start":{"line":140,"column":2},"end":{"line":150,"column":3}}]},"14":{"loc":{"start":{"line":141,"column":4},"end":{"line":149,"column":5}},"type":"if","locations":[{"start":{"line":141,"column":4},"end":{"line":149,"column":5}}]},"15":{"loc":{"start":{"line":158,"column":2},"end":{"line":162,"column":3}},"type":"if","locations":[{"start":{"line":158,"column":2},"end":{"line":162,"column":3}}]},"16":{"loc":{"start":{"line":163,"column":2},"end":{"line":167,"column":3}},"type":"if","locations":[{"start":{"line":163,"column":2},"end":{"line":167,"column":3}}]},"17":{"loc":{"start":{"line":168,"column":2},"end":{"line":172,"column":3}},"type":"if","locations":[{"start":{"line":168,"column":2},"end":{"line":172,"column":3}}]},"18":{"loc":{"start":{"line":180,"column":2},"end":{"line":184,"column":3}},"type":"if","locations":[{"start":{"line":180,"column":2},"end":{"line":184,"column":3}}]},"19":{"loc":{"start":{"line":185,"column":2},"end":{"line":189,"column":3}},"type":"if","locations":[{"start":{"line":185,"column":2},"end":{"line":189,"column":3}}]},"20":{"loc":{"start":{"line":190,"column":2},"end":{"line":194,"column":3}},"type":"if","locations":[{"start":{"line":190,"column":2},"end":{"line":194,"column":3}}]},"21":{"loc":{"start":{"line":201,"column":2},"end":{"line":204,"column":3}},"type":"if","locations":[{"start":{"line":201,"column":2},"end":{"line":204,"column":3}}]},"22":{"loc":{"start":{"line":205,"column":2},"end":{"line":213,"column":3}},"type":"if","locations":[{"start":{"line":205,"column":2},"end":{"line":213,"column":3}},{"start":{"line":210,"column":9},"end":{"line":213,"column":3}}]},"23":{"loc":{"start":{"line":207,"column":4},"end":{"line":209,"column":5}},"type":"if","locations":[{"start":{"line":207,"column":4},"end":{"line":209,"column":5}}]},"24":{"loc":{"start":{"line":217,"column":2},"end":{"line":220,"column":3}},"type":"if","locations":[{"start":{"line":217,"column":2},"end":{"line":220,"column":3}}]},"25":{"loc":{"start":{"line":221,"column":2},"end":{"line":229,"column":3}},"type":"if","locations":[{"start":{"line":221,"column":2},"end":{"line":229,"column":3}},{"start":{"line":226,"column":9},"end":{"line":229,"column":3}}]},"26":{"loc":{"start":{"line":223,"column":4},"end":{"line":225,"column":5}},"type":"if","locations":[{"start":{"line":223,"column":4},"end":{"line":225,"column":5}}]},"27":{"loc":{"start":{"line":233,"column":2},"end":{"line":236,"column":3}},"type":"if","locations":[{"start":{"line":233,"column":2},"end":{"line":236,"column":3}}]},"28":{"loc":{"start":{"line":237,"column":2},"end":{"line":239,"column":3}},"type":"if","locations":[{"start":{"line":237,"column":2},"end":{"line":239,"column":3}}]},"29":{"loc":{"start":{"line":246,"column":2},"end":{"line":248,"column":3}},"type":"if","locations":[{"start":{"line":246,"column":2},"end":{"line":248,"column":3}}]},"30":{"loc":{"start":{"line":249,"column":2},"end":{"line":280,"column":3}},"type":"if","locations":[{"start":{"line":249,"column":2},"end":{"line":280,"column":3}}]},"31":{"loc":{"start":{"line":250,"column":4},"end":{"line":252,"column":40}},"type":"binary-expr","locations":[{"start":{"line":250,"column":4},"end":{"line":250,"column":41}},{"start":{"line":251,"column":4},"end":{"line":251,"column":42}},{"start":{"line":252,"column":4},"end":{"line":252,"column":40}}]},"32":{"loc":{"start":{"line":254,"column":4},"end":{"line":279,"column":5}},"type":"if","locations":[{"start":{"line":254,"column":4},"end":{"line":279,"column":5}},{"start":{"line":276,"column":11},"end":{"line":279,"column":5}}]},"33":{"loc":{"start":{"line":254,"column":8},"end":{"line":254,"column":64}},"type":"binary-expr","locations":[{"start":{"line":254,"column":8},"end":{"line":254,"column":24}},{"start":{"line":254,"column":28},"end":{"line":254,"column":45}},{"start":{"line":254,"column":49},"end":{"line":254,"column":64}}]},"34":{"loc":{"start":{"line":255,"column":6},"end":{"line":275,"column":7}},"type":"if","locations":[{"start":{"line":255,"column":6},"end":{"line":275,"column":7}},{"start":{"line":272,"column":13},"end":{"line":275,"column":7}}]},"35":{"loc":{"start":{"line":256,"column":8},"end":{"line":259,"column":32}},"type":"binary-expr","locations":[{"start":{"line":256,"column":8},"end":{"line":256,"column":31}},{"start":{"line":257,"column":8},"end":{"line":257,"column":29}},{"start":{"line":258,"column":8},"end":{"line":258,"column":32}},{"start":{"line":259,"column":8},"end":{"line":259,"column":32}}]},"36":{"loc":{"start":{"line":266,"column":8},"end":{"line":271,"column":9}},"type":"if","locations":[{"start":{"line":266,"column":8},"end":{"line":271,"column":9}},{"start":{"line":268,"column":15},"end":{"line":271,"column":9}}]},"37":{"loc":{"start":{"line":290,"column":2},"end":{"line":307,"column":3}},"type":"if","locations":[{"start":{"line":290,"column":2},"end":{"line":307,"column":3}}]},"38":{"loc":{"start":{"line":291,"column":4},"end":{"line":306,"column":5}},"type":"if","locations":[{"start":{"line":291,"column":4},"end":{"line":306,"column":5}}]},"39":{"loc":{"start":{"line":292,"column":6},"end":{"line":293,"column":38}},"type":"binary-expr","locations":[{"start":{"line":292,"column":6},"end":{"line":292,"column":40}},{"start":{"line":293,"column":6},"end":{"line":293,"column":38}}]},"40":{"loc":{"start":{"line":308,"column":2},"end":{"line":335,"column":3}},"type":"if","locations":[{"start":{"line":308,"column":2},"end":{"line":335,"column":3}},{"start":{"line":330,"column":9},"end":{"line":335,"column":3}}]},"41":{"loc":{"start":{"line":309,"column":4},"end":{"line":329,"column":5}},"type":"if","locations":[{"start":{"line":309,"column":4},"end":{"line":329,"column":5}},{"start":{"line":312,"column":11},"end":{"line":329,"column":5}}]},"42":{"loc":{"start":{"line":313,"column":6},"end":{"line":328,"column":7}},"type":"if","locations":[{"start":{"line":313,"column":6},"end":{"line":328,"column":7}}]},"43":{"loc":{"start":{"line":314,"column":8},"end":{"line":315,"column":40}},"type":"binary-expr","locations":[{"start":{"line":314,"column":8},"end":{"line":314,"column":42}},{"start":{"line":315,"column":8},"end":{"line":315,"column":40}}]},"44":{"loc":{"start":{"line":338,"column":2},"end":{"line":348,"column":3}},"type":"if","locations":[{"start":{"line":338,"column":2},"end":{"line":348,"column":3}}]},"45":{"loc":{"start":{"line":339,"column":4},"end":{"line":341,"column":36}},"type":"binary-expr","locations":[{"start":{"line":339,"column":4},"end":{"line":339,"column":38}},{"start":{"line":340,"column":4},"end":{"line":340,"column":36}},{"start":{"line":341,"column":4},"end":{"line":341,"column":36}}]}},"s":{"0":1,"1":1,"2":1,"3":1,"4":1,"5":1,"6":1,"7":1,"8":1,"9":1,"10":1,"11":1,"12":1,"13":1,"14":1,"15":5,"16":0,"17":0,"18":0,"19":0,"20":0,"21":0,"22":0,"23":0,"24":0,"25":0,"26":0,"27":0,"28":1,"29":3,"30":3,"31":3,"32":1,"33":1,"34":2,"35":1,"36":4,"37":4,"38":1,"39":1,"40":1,"41":3,"42":1,"43":1,"44":1,"45":2,"46":1,"47":1,"48":1,"49":1,"50":1,"51":1,"52":1,"53":0,"54":0,"55":0,"56":0,"57":0,"58":0,"59":0,"60":0,"61":0,"62":0,"63":0,"64":0,"65":0,"66":0,"67":0,"68":0,"69":1,"70":0,"71":0,"72":0,"73":0,"74":0,"75":0,"76":0,"77":0,"78":0,"79":0,"80":0,"81":0,"82":0,"83":0,"84":0,"85":0,"86":0,"87":0,"88":0,"89":0,"90":0,"91":0,"92":0,"93":0,"94":0,"95":0,"96":0,"97":0,"98":0,"99":0,"100":0,"101":1,"102":0,"103":0,"104":0,"105":0,"106":0,"107":0,"108":0,"109":0,"110":0,"111":0,"112":0,"113":0,"114":0,"115":0,"116":0,"117":0,"118":1,"119":0,"120":0,"121":0,"122":0,"123":0,"124":0,"125":0,"126":0,"127":0,"128":0,"129":0,"130":0,"131":0,"132":0,"133":0,"134":0,"135":1,"136":0,"137":0,"138":0,"139":0,"140":0,"141":0,"142":0,"143":0,"144":0,"145":0,"146":1,"147":0,"148":0,"149":0,"150":0,"151":0,"152":0,"153":0,"154":0,"155":0,"156":0,"157":1,"158":0,"159":0,"160":0,"161":0,"162":0,"163":0,"164":0,"165":1,"166":0,"167":0,"168":0,"169":0,"170":0,"171":0,"172":0,"173":0,"174":0,"175":0,"176":0,"177":0,"178":0,"179":0,"180":0,"181":0,"182":1,"183":0,"184":0,"185":0,"186":0,"187":0,"188":0,"189":0,"190":0,"191":0,"192":0,"193":0,"194":0,"195":0,"196":0,"197":0,"198":0,"199":0,"200":0,"201":0,"202":0,"203":0,"204":0,"205":0,"206":0,"207":0,"208":0,"209":0,"210":0,"211":0,"212":0,"213":0,"214":0,"215":0,"216":0,"217":0,"218":0,"219":0,"220":0,"221":0,"222":1,"223":0,"224":0,"225":0,"226":0,"227":0,"228":0,"229":1},"f":{"0":5,"1":0,"2":3,"3":4,"4":0,"5":0,"6":0,"7":0,"8":0,"9":0,"10":0,"11":0,"12":0,"13":0},"b":{"0":[0],"1":[0],"2":[1],"3":[1],"4":[1],"5":[1],"6":[0],"7":[0],"8":[0],"9":[0],"10":[0],"11":[0],"12":[0],"13":[0],"14":[0],"15":[0],"16":[0],"17":[0],"18":[0],"19":[0],"20":[0],"21":[0],"22":[0,0],"23":[0],"24":[0],"25":[0,0],"26":[0],"27":[0],"28":[0],"29":[0],"30":[0],"31":[0,0,0],"32":[0,0],"33":[0,0,0],"34":[0,0],"35":[0,0,0,0],"36":[0,0],"37":[0],"38":[0],"39":[0,0],"40":[0,0],"41":[0,0],"42":[0],"43":[0,0],"44":[0],"45":[0,0,0]}}
,"E:\\RSS\\online-store\\src\\utils\\validations\\validationsErrors.ts": {"path":"E:\\RSS\\online-store\\src\\utils\\validations\\validationsErrors.ts","statementMap":{"0":{"start":{"line":1,"column":0},"end":{"line":1,"column":49}},"1":{"start":{"line":3,"column":2},"end":{"line":6,"column":5}},"2":{"start":{"line":9,"column":13},"end":{"line":9,"column":49}},"3":{"start":{"line":10,"column":13},"end":{"line":10,"column":53}},"4":{"start":{"line":11,"column":13},"end":{"line":11,"column":50}},"5":{"start":{"line":12,"column":13},"end":{"line":12,"column":53}},"6":{"start":{"line":13,"column":13},"end":{"line":13,"column":50}},"7":{"start":{"line":14,"column":13},"end":{"line":14,"column":49}},"8":{"start":{"line":15,"column":13},"end":{"line":15,"column":49}},"9":{"start":{"line":16,"column":13},"end":{"line":16,"column":51}}},"fnMap":{"0":{"name":"createErrorElement","decl":{"start":{"line":2,"column":9},"end":{"line":2,"column":27}},"loc":{"start":{"line":2,"column":27},"end":{"line":7,"column":1}}}},"branchMap":{},"s":{"0":1,"1":8,"2":1,"3":1,"4":1,"5":1,"6":1,"7":1,"8":1,"9":1},"f":{"0":8},"b":{}}
}
