TN:
SF:src\components\registrationForm\countryList.ts
FN:5,searchCountry
FN:8,(anonymous_1)
FN:25,addCountries
FN:35,(anonymous_3)
FN:42,(anonymous_4)
FNF:5
FNH:0
FNDA:0,searchCountry
FNDA:0,(anonymous_1)
FNDA:0,addCountries
FNDA:0,(anonymous_3)
FNDA:0,(anonymous_4)
DA:1,1
DA:2,1
DA:3,1
DA:4,1
DA:6,0
DA:7,0
DA:8,0
DA:9,0
DA:10,0
DA:11,0
DA:12,0
DA:13,0
DA:14,0
DA:17,0
DA:18,0
DA:20,0
DA:25,1
DA:26,0
DA:27,0
DA:28,0
DA:30,0
DA:31,0
DA:32,0
DA:33,0
DA:34,0
DA:35,0
DA:36,0
DA:40,0
DA:41,0
DA:42,0
DA:43,0
DA:44,0
DA:45,0
DA:46,0
DA:47,0
DA:48,0
DA:52,0
LF:37
LH:5
BRDA:9,0,0,0
BRDA:9,0,1,0
BRDA:12,1,0,0
BRDA:17,2,0,0
BRDA:17,2,1,0
BRF:5
BRH:0
end_of_record
TN:
SF:src\components\registrationForm\registrationForm.ts
FN:170,createForm
FNF:1
FNH:0
FNDA:0,createForm
DA:1,1
DA:2,1
DA:3,1
DA:4,1
DA:5,1
DA:6,1
DA:8,1
DA:12,1
DA:17,1
DA:22,1
DA:27,1
DA:35,1
DA:40,1
DA:48,1
DA:53,1
DA:61,1
DA:66,1
DA:70,1
DA:79,1
DA:88,1
DA:97,1
DA:101,1
DA:106,1
DA:115,1
DA:120,1
DA:129,1
DA:134,1
DA:143,1
DA:148,1
DA:153,1
DA:157,1
DA:163,1
DA:170,1
DA:171,0
DA:172,0
DA:173,0
DA:174,0
DA:175,0
DA:176,0
DA:177,0
DA:178,0
DA:179,0
DA:180,0
DA:181,0
DA:182,0
DA:183,0
DA:184,0
DA:185,0
DA:186,0
DA:187,0
DA:188,0
DA:189,0
DA:190,0
DA:191,0
DA:192,0
DA:193,0
DA:194,0
DA:195,0
DA:196,0
DA:197,0
DA:198,0
DA:200,0
DA:201,0
DA:202,0
DA:203,0
DA:204,0
DA:206,0
DA:207,0
DA:208,0
DA:209,0
DA:210,0
DA:211,0
DA:212,0
DA:213,0
DA:214,0
DA:215,0
DA:216,0
DA:217,0
DA:219,0
DA:220,0
DA:221,0
DA:222,0
LF:82
LH:33
BRF:0
BRH:0
end_of_record
TN:
SF:src\utils\ageAndTextChecks.ts
FN:1,(anonymous_0)
FN:16,calculateAge
FNF:2
FNH:1
FNDA:0,(anonymous_0)
FNDA:1,calculateAge
DA:1,1
DA:2,0
DA:3,0
DA:4,0
DA:5,0
DA:6,0
DA:8,0
DA:9,0
DA:11,0
DA:12,0
DA:14,0
DA:16,1
DA:17,1
DA:19,1
DA:21,1
DA:26,0
DA:28,1
LF:17
LH:6
BRDA:5,0,0,0
BRDA:8,1,0,0
BRDA:11,2,0,0
BRDA:21,3,0,0
BRDA:22,4,0,1
BRDA:22,4,1,1
BRDA:22,4,2,0
BRF:7
BRH:2
end_of_record
TN:
SF:src\utils\baseComponent.ts
FN:14,setCallbacks
FN:18,(anonymous_1)
FN:23,createElement
FN:29,(anonymous_3)
FN:37,(anonymous_4)
FN:51,addInnerComponent
FN:58,removeElement
FN:62,setAttribute
FN:72,addClass
FN:78,removeClass
FN:87,clear
FN:92,setDisabled
FN:101,isEnabled
FN:105,getValue
FN:109,setValue
FNF:15
FNH:3
FNDA:0,setCallbacks
FNDA:0,(anonymous_1)
FNDA:34,createElement
FNDA:58,(anonymous_3)
FNDA:28,(anonymous_4)
FNDA:0,addInnerComponent
FNDA:0,removeElement
FNDA:0,setAttribute
FNDA:0,addClass
FNDA:0,removeClass
FNDA:0,clear
FNDA:0,setDisabled
FNDA:0,isEnabled
FNDA:0,getValue
FNDA:0,setValue
DA:18,0
DA:19,0
DA:23,1
DA:26,34
DA:28,34
DA:29,58
DA:32,34
DA:33,12
DA:36,34
DA:37,12
DA:38,28
DA:39,28
DA:44,34
DA:45,0
DA:48,34
DA:51,1
DA:55,0
DA:58,1
DA:59,0
DA:62,1
DA:67,0
DA:68,0
DA:69,0
DA:72,1
DA:73,0
DA:74,0
DA:75,0
DA:78,1
DA:82,0
DA:83,0
DA:84,0
DA:87,1
DA:88,0
DA:89,0
DA:92,1
DA:96,0
DA:97,0
DA:98,0
DA:101,1
DA:102,0
DA:105,1
DA:106,0
DA:109,1
DA:113,0
DA:114,0
DA:115,0
LF:46
LH:22
BRDA:28,0,0,34
BRDA:32,1,0,12
BRDA:36,2,0,12
BRDA:38,3,0,28
BRDA:44,4,0,0
BRF:5
BRH:4
end_of_record
TN:
SF:src\utils\validations\booleanValid.ts
FN:12,setValidStatus
FNF:1
FNH:1
FNDA:4,setValidStatus
DA:1,1
DA:12,1
DA:16,4
LF:3
LH:3
BRF:0
BRH:0
end_of_record
TN:
SF:src\utils\validations\submitRegData.ts
FN:3,submitRegData
FNF:1
FNH:0
FNDA:0,submitRegData
DA:1,1
DA:2,1
DA:3,1
DA:4,0
DA:5,0
DA:6,0
DA:7,0
DA:8,0
DA:9,0
DA:10,0
DA:11,0
DA:12,0
DA:13,0
DA:14,0
DA:15,0
DA:16,0
DA:26,0
DA:37,0
DA:39,0
LF:19
LH:3
BRDA:16,0,0,0
BRDA:16,0,1,0
BRDA:17,1,0,0
BRDA:17,1,1,0
BRDA:17,1,2,0
BRDA:17,1,3,0
BRDA:17,1,4,0
BRDA:17,1,5,0
BRDA:17,1,6,0
BRDA:17,1,7,0
BRF:10
BRH:0
end_of_record
TN:
SF:src\utils\validations\validation.ts
FN:2,validateInput
FNF:1
FNH:0
FNDA:0,validateInput
DA:1,1
DA:2,1
DA:3,0
DA:4,0
DA:5,0
DA:6,0
DA:8,0
DA:9,0
DA:11,0
DA:12,0
DA:14,0
DA:15,0
DA:17,0
DA:18,0
DA:20,0
DA:21,0
DA:23,0
DA:24,0
DA:26,0
DA:27,0
DA:29,0
DA:30,0
DA:32,0
DA:33,0
DA:35,0
DA:36,0
DA:38,0
LF:27
LH:2
BRDA:5,0,0,0
BRDA:8,1,0,0
BRDA:11,2,0,0
BRDA:14,3,0,0
BRDA:17,4,0,0
BRDA:20,5,0,0
BRDA:23,6,0,0
BRDA:26,7,0,0
BRDA:29,8,0,0
BRDA:32,9,0,0
BRDA:35,10,0,0
BRF:11
BRH:0
end_of_record
TN:
SF:src\utils\validations\validationsComponents.ts
FN:43,incorectValidation
FN:49,mailValidation
FN:65,validationBirth
FN:74,nameValidation
FN:95,lastNameValidation
FN:117,cityValidation
FN:156,streetValidation
FN:177,passwordValidation
FN:199,dayValidation
FN:215,monthValidation
FN:231,yearValidation
FN:243,checkNumber
FN:283,postCodeValidation
FN:337,disableLocation
FNF:14
FNH:3
FNDA:5,incorectValidation
FNDA:0,mailValidation
FNDA:3,validationBirth
FNDA:4,nameValidation
FNDA:0,lastNameValidation
FNDA:0,cityValidation
FNDA:0,streetValidation
FNDA:0,passwordValidation
FNDA:0,dayValidation
FNDA:0,monthValidation
FNDA:0,yearValidation
FNDA:0,checkNumber
FNDA:0,postCodeValidation
FNDA:0,disableLocation
DA:1,1
DA:2,1
DA:3,1
DA:7,1
DA:8,1
DA:9,1
DA:12,1
DA:13,1
DA:14,1
DA:15,1
DA:16,1
DA:17,1
DA:18,1
DA:19,1
DA:35,1
DA:47,5
DA:49,1
DA:50,0
DA:51,0
DA:52,0
DA:53,0
DA:54,0
DA:56,0
DA:57,0
DA:58,0
DA:59,0
DA:61,0
DA:62,0
DA:63,0
DA:65,1
DA:66,3
DA:67,3
DA:68,3
DA:69,1
DA:70,1
DA:72,2
DA:74,1
DA:75,4
DA:76,4
DA:77,1
DA:78,1
DA:79,1
DA:81,3
DA:82,1
DA:83,1
DA:84,1
DA:86,2
DA:87,1
DA:88,1
DA:89,1
DA:91,1
DA:92,1
DA:93,1
DA:95,1
DA:96,0
DA:97,0
DA:98,0
DA:99,0
DA:100,0
DA:102,0
DA:103,0
DA:104,0
DA:105,0
DA:107,0
DA:108,0
DA:109,0
DA:110,0
DA:112,0
DA:113,0
DA:114,0
DA:117,1
DA:118,0
DA:119,0
DA:120,0
DA:121,0
DA:122,0
DA:123,0
DA:124,0
DA:125,0
DA:126,0
DA:129,0
DA:130,0
DA:131,0
DA:132,0
DA:133,0
DA:134,0
DA:135,0
DA:136,0
DA:137,0
DA:140,0
DA:141,0
DA:142,0
DA:143,0
DA:144,0
DA:145,0
DA:146,0
DA:147,0
DA:148,0
DA:151,0
DA:152,0
DA:153,0
DA:154,0
DA:156,1
DA:157,0
DA:158,0
DA:159,0
DA:160,0
DA:161,0
DA:163,0
DA:164,0
DA:165,0
DA:166,0
DA:168,0
DA:169,0
DA:170,0
DA:171,0
DA:173,0
DA:174,0
DA:175,0
DA:177,1
DA:178,0
DA:180,0
DA:181,0
DA:182,0
DA:183,0
DA:185,0
DA:186,0
DA:187,0
DA:188,0
DA:190,0
DA:191,0
DA:192,0
DA:193,0
DA:195,0
DA:196,0
DA:197,0
DA:199,1
DA:200,0
DA:201,0
DA:202,0
DA:203,0
DA:205,0
DA:206,0
DA:207,0
DA:208,0
DA:211,0
DA:212,0
DA:215,1
DA:216,0
DA:217,0
DA:218,0
DA:219,0
DA:221,0
DA:222,0
DA:223,0
DA:224,0
DA:227,0
DA:228,0
DA:231,1
DA:232,0
DA:233,0
DA:234,0
DA:235,0
DA:237,0
DA:238,0
DA:240,0
DA:243,1
DA:244,0
DA:245,0
DA:246,0
DA:247,0
DA:249,0
DA:254,0
DA:255,0
DA:261,0
DA:266,0
DA:267,0
DA:269,0
DA:270,0
DA:273,0
DA:274,0
DA:277,0
DA:278,0
DA:283,1
DA:284,0
DA:285,0
DA:286,0
DA:287,0
DA:288,0
DA:289,0
DA:290,0
DA:291,0
DA:295,0
DA:296,0
DA:297,0
DA:298,0
DA:299,0
DA:300,0
DA:301,0
DA:302,0
DA:303,0
DA:304,0
DA:305,0
DA:308,0
DA:309,0
DA:310,0
DA:311,0
DA:313,0
DA:317,0
DA:318,0
DA:319,0
DA:320,0
DA:321,0
DA:322,0
DA:323,0
DA:324,0
DA:325,0
DA:326,0
DA:327,0
DA:331,0
DA:332,0
DA:333,0
DA:334,0
DA:337,1
DA:338,0
DA:343,0
DA:344,0
DA:345,0
DA:346,0
DA:347,0
LF:230
LH:51
BRDA:51,0,0,0
BRDA:56,1,0,0
BRDA:68,2,0,1
BRDA:76,3,0,1
BRDA:81,4,0,1
BRDA:86,5,0,1
BRDA:97,6,0,0
BRDA:102,7,0,0
BRDA:107,8,0,0
BRDA:120,9,0,0
BRDA:121,10,0,0
BRDA:129,11,0,0
BRDA:130,12,0,0
BRDA:140,13,0,0
BRDA:141,14,0,0
BRDA:158,15,0,0
BRDA:163,16,0,0
BRDA:168,17,0,0
BRDA:180,18,0,0
BRDA:185,19,0,0
BRDA:190,20,0,0
BRDA:201,21,0,0
BRDA:205,22,0,0
BRDA:205,22,1,0
BRDA:207,23,0,0
BRDA:217,24,0,0
BRDA:221,25,0,0
BRDA:221,25,1,0
BRDA:223,26,0,0
BRDA:233,27,0,0
BRDA:237,28,0,0
BRDA:246,29,0,0
BRDA:249,30,0,0
BRDA:250,31,0,0
BRDA:250,31,1,0
BRDA:250,31,2,0
BRDA:254,32,0,0
BRDA:254,32,1,0
BRDA:254,33,0,0
BRDA:254,33,1,0
BRDA:254,33,2,0
BRDA:255,34,0,0
BRDA:255,34,1,0
BRDA:256,35,0,0
BRDA:256,35,1,0
BRDA:256,35,2,0
BRDA:256,35,3,0
BRDA:266,36,0,0
BRDA:266,36,1,0
BRDA:290,37,0,0
BRDA:291,38,0,0
BRDA:292,39,0,0
BRDA:292,39,1,0
BRDA:308,40,0,0
BRDA:308,40,1,0
BRDA:309,41,0,0
BRDA:309,41,1,0
BRDA:313,42,0,0
BRDA:314,43,0,0
BRDA:314,43,1,0
BRDA:338,44,0,0
BRDA:339,45,0,0
BRDA:339,45,1,0
BRDA:339,45,2,0
BRF:64
BRH:4
end_of_record
TN:
SF:src\utils\validations\validationsErrors.ts
FN:2,createErrorElement
FNF:1
FNH:1
FNDA:8,createErrorElement
DA:1,1
DA:3,8
DA:9,1
DA:10,1
DA:11,1
DA:12,1
DA:13,1
DA:14,1
DA:15,1
DA:16,1
LF:10
LH:10
BRF:0
BRH:0
end_of_record
